# JRE version: OpenJDK Runtime Environment Temurin-17.0.10+7 (17.0.10+7) (build 17.0.10+7)
# Java VM: OpenJDK 64-Bit Server VM Temurin-17.0.10+7 (17.0.10+7, mixed mode, emulated-client, tiered, compressed oops, compressed class ptrs, g1 gc, windows-amd64)
GC Precious Log:
 CPUs: 2 total, 2 available
 Memory: 3460M
 Large Page Support: Disabled
 NUMA Support: Disabled
 Compressed Oops: Enabled (32-bit)
 Heap Region Size: 1M
 Heap Min Capacity: 8M
 Heap Initial Capacity: 56M
 Heap Max Capacity: 1G
 Pre-touch: Disabled
 Parallel Workers: 2
 Concurrent Workers: 1
 Concurrent Refinement Workers: 2
 Periodic GC: Disabled
Heap:
 garbage-first heap   total 57344K, used 23306K [0x00000000c0000000, 0x0000000100000000)
  region size 1024K, 8 young (8192K), 3 survivors (3072K)
 Metaspace       used 19197K, committed 19328K, reserved 1114112K
  class space    used 2378K, committed 2432K, reserved 1048576K
GC Heap History (12 events):
Event: 7.796 GC heap before
{Heap before GC invocations=0 (full 0):
 garbage-first heap   total 57344K, used 5120K [0x00000000c0000000, 0x0000000100000000)
  region size 1024K, 6 young (6144K), 0 survivors (0K)
 Metaspace       used 4321K, committed 4480K, reserved 1114112K
  class space    used 419K, committed 512K, reserved 1048576K
}
Event: 8.284 GC heap after
{Heap after GC invocations=1 (full 0):
 garbage-first heap   total 57344K, used 3883K [0x00000000c0000000, 0x0000000100000000)
  region size 1024K, 1 young (1024K), 1 survivors (1024K)
 Metaspace       used 4321K, committed 4480K, reserved 1114112K
  class space    used 419K, committed 512K, reserved 1048576K
}
Event: 9.621 GC heap before
{Heap before GC invocations=1 (full 0):
 garbage-first heap   total 57344K, used 10027K [0x00000000c0000000, 0x0000000100000000)
  region size 1024K, 4 young (4096K), 1 survivors (1024K)
 Metaspace       used 4321K, committed 4480K, reserved 1114112K
  class space    used 419K, committed 512K, reserved 1048576K
}
Event: 9.624 GC heap after
{Heap after GC invocations=2 (full 0):
 garbage-first heap   total 57344K, used 10142K [0x00000000c0000000, 0x0000000100000000)
  region size 1024K, 1 young (1024K), 1 survivors (1024K)
 Metaspace       used 4321K, committed 4480K, reserved 1114112K
  class space    used 419K, committed 512K, reserved 1048576K
}
Event: 11.519 GC heap before
{Heap before GC invocations=2 (full 0):
 garbage-first heap   total 57344K, used 17310K [0x00000000c0000000, 0x0000000100000000)
  region size 1024K, 7 young (7168K), 1 survivors (1024K)
 Metaspace       used 5963K, committed 6080K, reserved 1114112K
  class space    used 578K, committed 640K, reserved 1048576K
}
Event: 11.526 GC heap after
{Heap after GC invocations=3 (full 0):
 garbage-first heap   total 57344K, used 15339K [0x00000000c0000000, 0x0000000100000000)
  region size 1024K, 1 young (1024K), 1 survivors (1024K)
 Metaspace       used 5963K, committed 6080K, reserved 1114112K
  class space    used 578K, committed 640K, reserved 1048576K
}
Event: 15.970 GC heap before
{Heap before GC invocations=3 (full 0):
 garbage-first heap   total 57344K, used 25579K [0x00000000c0000000, 0x0000000100000000)
  region size 1024K, 11 young (11264K), 1 survivors (1024K)
 Metaspace       used 8558K, committed 8640K, reserved 1114112K
  class space    used 988K, committed 1024K, reserved 1048576K
}
Event: 15.975 GC heap after
{Heap after GC invocations=4 (full 0):
 garbage-first heap   total 57344K, used 15857K [0x00000000c0000000, 0x0000000100000000)
  region size 1024K, 2 young (2048K), 2 survivors (2048K)
 Metaspace       used 8558K, committed 8640K, reserved 1114112K
  class space    used 988K, committed 1024K, reserved 1048576K
}
Event: 26.861 GC heap before
{Heap before GC invocations=4 (full 0):
 garbage-first heap   total 57344K, used 35313K [0x00000000c0000000, 0x0000000100000000)
  region size 1024K, 21 young (21504K), 2 survivors (2048K)
 Metaspace       used 13767K, committed 13952K, reserved 1114112K
  class space    used 1697K, committed 1792K, reserved 1048576K
}
Event: 26.871 GC heap after
{Heap after GC invocations=5 (full 0):
 garbage-first heap   total 57344K, used 17242K [0x00000000c0000000, 0x0000000100000000)
  region size 1024K, 3 young (3072K), 3 survivors (3072K)
 Metaspace       used 13767K, committed 13952K, reserved 1114112K
  class space    used 1697K, committed 1792K, reserved 1048576K
}
Event: 37.203 GC heap before
{Heap before GC invocations=5 (full 0):
 garbage-first heap   total 57344K, used 36698K [0x00000000c0000000, 0x0000000100000000)
  region size 1024K, 23 young (23552K), 3 survivors (3072K)
 Metaspace       used 18168K, committed 18368K, reserved 1114112K
  class space    used 2284K, committed 2368K, reserved 1048576K
}
Event: 37.216 GC heap after
{Heap after GC invocations=6 (full 0):
 garbage-first heap   total 57344K, used 19210K [0x00000000c0000000, 0x0000000100000000)
  region size 1024K, 3 young (3072K), 3 survivors (3072K)
 Metaspace       used 18168K, committed 18368K, reserved 1114112K
  class space    used 2284K, committed 2368K, reserved 1048576K
}

